<?xml version="1.0" encoding="UTF-8"?>
<!-- Generated by org.testng.reporters.JUnitReportReporter -->
<testsuite skipped="0" hostname="asda1704po02529" name="NewEmptyTestNGTest" tests="1" failures="0" timestamp="10 Jul 2018 12:32:08 GMT" time="0.848" errors="0">
  <testcase name="Editor_Testing" time="0.848" classname="NewEmptyTestNGTest"/>
</testsuite> <!-- NewEmptyTestNGTest -->
